android/app/build/intermediates/manifest_merge_blame_file/debug/processDebugMainManifest/manifest-merger-blame-debug-report.txt
1<?xml version="1.0" encoding="utf-8"?>
2<manifest xmlns:android="http://schemas.android.com/apk/res/android"
3    package="com.xander.passotp"
4    android:versionCode="2"
5    android:versionName="0.2.0" >
6
7    <uses-sdk
8        android:minSdkVersion="26"
9        android:targetSdkVersion="34" />
10
11    <uses-permission android:name="android.permission.USE_BIOMETRIC" />
11-->src\main\AndroidManifest.xml:2:5-72
11-->src\main\AndroidManifest.xml:2:22-69
12
13    <application
13-->src\main\AndroidManifest.xml:3:5-14:19
14        android:allowBackup="false"
14-->src\main\AndroidManifest.xml:3:74-101
15        android:debuggable="true"
16        android:extractNativeLibs="false"
17        android:label="PassOTP"
17-->src\main\AndroidManifest.xml:3:50-73
18        android:supportsRtl="true"
18-->src\main\AndroidManifest.xml:3:102-128
19        android:theme="@style/AppTheme" >
19-->src\main\AndroidManifest.xml:3:18-49
20        <activity
20-->src\main\AndroidManifest.xml:4:9-9:20
21            android:name="com.xander.passotp.MainActivity"
21-->src\main\AndroidManifest.xml:4:19-47
22            android:exported="true"
22-->src\main\AndroidManifest.xml:4:85-108
23            android:screenOrientation="portrait" >
23-->src\main\AndroidManifest.xml:4:48-84
24            <intent-filter>
24-->src\main\AndroidManifest.xml:5:13-8:29
25                <action android:name="android.intent.action.MAIN" />
25-->src\main\AndroidManifest.xml:6:17-69
25-->src\main\AndroidManifest.xml:6:25-66
26
27                <category android:name="android.intent.category.LAUNCHER" />
27-->src\main\AndroidManifest.xml:7:17-77
27-->src\main\AndroidManifest.xml:7:27-74
28            </intent-filter>
29        </activity>
30
31        <service
31-->src\main\AndroidManifest.xml:10:9-13:19
32            android:name="com.xander.passotp.PassOtpAutofillService"
32-->src\main\AndroidManifest.xml:10:18-56
33            android:exported="true"
33-->src\main\AndroidManifest.xml:10:119-142
34            android:permission="android.permission.BIND_AUTOFILL_SERVICE" >
34-->src\main\AndroidManifest.xml:10:57-118
35            <intent-filter>
35-->src\main\AndroidManifest.xml:11:13-110
36                <action android:name="android.service.autofill.AutofillService" />
36-->src\main\AndroidManifest.xml:11:28-94
36-->src\main\AndroidManifest.xml:11:36-91
37            </intent-filter>
38
39            <meta-data
39-->src\main\AndroidManifest.xml:12:13-99
40                android:name="android.autofill"
40-->src\main\AndroidManifest.xml:12:24-55
41                android:resource="@xml/autofill_service" />
41-->src\main\AndroidManifest.xml:12:56-96
42        </service>
43    </application>
44
45</manifest>